<?xml version="1.0" encoding="UTF-8"?>
<testng-results ignored="0" total="1" passed="1" failed="0" skipped="0">
  <reporter-output>
  </reporter-output>
  <suite started-at="2023-11-07T13:59:57 GMT" name="Default suite" finished-at="2023-11-07T14:00:15 GMT" duration-ms="18829">
    <groups>
      <group name="cucumber">
        <method signature="AbstractTestNGCucumberTests.runScenario(io.cucumber.testng.PickleWrapper,io.cucumber.testng.FeatureWrapper)[pri:0, instance:runner.testRunner@242b836]" name="runScenario" class="io.cucumber.testng.AbstractTestNGCucumberTests"/>
      </group> <!-- cucumber -->
    </groups>
    <test started-at="2023-11-07T13:59:57 GMT" name="Default test" finished-at="2023-11-07T14:00:15 GMT" duration-ms="18829">
      <class name="runner.testRunner">
        <test-method is-config="true" signature="setUpClass(org.testng.ITestContext)[pri:0, instance:runner.testRunner@242b836]" started-at="2023-11-07T13:59:57 GMT" name="setUpClass" finished-at="2023-11-07T13:59:57 GMT" duration-ms="299" status="PASS">
          <params>
            <param index="0">
              <value>
                <![CDATA[org.testng.TestRunner@61d34b4]]>
              </value>
            </param>
          </params>
          <reporter-output>
          </reporter-output>
        </test-method> <!-- setUpClass -->
        <test-method signature="runScenario(io.cucumber.testng.PickleWrapper,io.cucumber.testng.FeatureWrapper)[pri:0, instance:runner.testRunner@242b836]" started-at="2023-11-07T13:59:57 GMT" name="runScenario" description="Runs Cucumber Scenarios" data-provider="scenarios" finished-at="2023-11-07T14:00:15 GMT" duration-ms="18465" status="PASS">
          <params>
            <param index="0">
              <value>
                <![CDATA["Add items to cart"]]>
              </value>
            </param>
            <param index="1">
              <value>
                <![CDATA["Place the Order"]]>
              </value>
            </param>
          </params>
          <reporter-output>
          </reporter-output>
        </test-method> <!-- runScenario -->
        <test-method is-config="true" signature="tearDownClass()[pri:0, instance:runner.testRunner@242b836]" started-at="2023-11-07T14:00:15 GMT" name="tearDownClass" finished-at="2023-11-07T14:00:15 GMT" duration-ms="3" status="PASS">
          <reporter-output>
          </reporter-output>
        </test-method> <!-- tearDownClass -->
      </class> <!-- runner.testRunner -->
    </test> <!-- Default test -->
  </suite> <!-- Default suite -->
</testng-results>
